{
  "Cucumber Features": {
    "coverage": {
      "/Users/michelle/Dropbox/CS169/thebottomline/app/controllers/application_controller.rb": [
        1,
        1,
        null
      ],
      "/Users/michelle/Dropbox/CS169/thebottomline/app/helpers/application_helper.rb": [
        1,
        null
      ],
      "/Users/michelle/Dropbox/CS169/thebottomline/app/helpers/welcome_helper.rb": [
        1,
        null
      ],
      "/Users/michelle/Dropbox/CS169/thebottomline/app/controllers/welcome_controller.rb": [
        1,
        null,
        1,
        null,
        null,
        null
      ]
    },
    "timestamp": 1350258130
  },
  "RSpec": {
    "coverage": {
      "C:/169/thebottomline/app/controllers/application_controller.rb": [
        1,
        1,
        null
      ],
      "C:/169/thebottomline/app/helpers/application_helper.rb": [
        1,
        null
      ],
      "C:/169/thebottomline/app/helpers/welcome_helper.rb": [
        1,
        null
      ],
      "C:/169/thebottomline/app/controllers/login_controller.rb": [
        1,
        null,
        1,
        1,
        null,
        null,
        1,
        5,
        5,
        3,
        3,
        null,
        2,
        2,
        null,
        null,
        null,
        1,
        3,
        3,
        3,
        null,
        null,
        null,
        null
      ],
      "C:/169/thebottomline/app/controllers/register_controller.rb": [
        1,
        null,
        1,
        0,
        null,
        null,
        1,
        0,
        0,
        0,
        0,
        0,
        0,
        null,
        0,
        0,
        0,
        null,
        0,
        0,
        0,
        0,
        null,
        null,
        null,
        null
      ],
      "C:/169/thebottomline/app/controllers/welcome_controller.rb": [
        1,
        null,
        1,
        null,
        null,
        null
      ],
      "C:/169/thebottomline/app/mailers/user_mailer.rb": [
        1,
        1,
        null,
        1,
        0,
        0,
        0,
        null,
        null,
        1,
        0,
        0,
        0,
        0,
        null,
        null
      ],
      "C:/169/thebottomline/app/models/user.rb": [
        1,
        null,
        1,
        null,
        1,
        1,
        1,
        null,
        1,
        null,
        1,
        0,
        null,
        null,
        1,
        0,
        0,
        0,
        null,
        null,
        null,
        null,
        null,
        1,
        0,
        0,
        null,
        null,
        1,
        0,
        0,
        0,
        0,
        0,
        null,
        null
      ]
    },
    "timestamp": 1350699478
  }
}
