{
  "Cucumber Features": {
    "coverage": {
      "/Users/michelle/Dropbox/CS169/thebottomline/app/controllers/application_controller.rb": [
        1,
        1,
        null
      ],
      "/Users/michelle/Dropbox/CS169/thebottomline/app/helpers/application_helper.rb": [
        1,
        null
      ],
      "/Users/michelle/Dropbox/CS169/thebottomline/app/helpers/welcome_helper.rb": [
        1,
        null
      ],
      "/Users/michelle/Dropbox/CS169/thebottomline/app/controllers/login_controller.rb": [
        1,
        null,
        1,
        3,
        null,
        null,
        1,
        3,
        3,
        1,
        1,
        null,
        2,
        2,
        2,
        null,
        null,
        null,
        1,
        1,
        1,
        1,
        null,
        null,
        null,
        null
      ],
      "/Users/michelle/Dropbox/CS169/thebottomline/app/controllers/register_controller.rb": [
        1,
        null,
        1,
        5,
        null,
        null,
        1,
        5,
        5,
        5,
        5,
        2,
        2,
        null,
        5,
        4,
        4,
        null,
        1,
        1,
        1,
        1,
        null,
        null,
        null,
        null
      ],
      "/Users/michelle/Dropbox/CS169/thebottomline/app/controllers/welcome_controller.rb": [
        1,
        null,
        1,
        null,
        null,
        null
      ],
      "/Users/michelle/Dropbox/CS169/thebottomline/app/mailers/user_mailer.rb": [
        1,
        1,
        null,
        1,
        0,
        0,
        0,
        null,
        null,
        1,
        0,
        0,
        0,
        0,
        null,
        null
      ],
      "/Users/michelle/Dropbox/CS169/thebottomline/app/models/user.rb": [
        1,
        null,
        1,
        null,
        1,
        1,
        1,
        null,
        1,
        null,
        1,
        5,
        null,
        null,
        1,
        3,
        3,
        2,
        null,
        null,
        null,
        null,
        null,
        1,
        3,
        3,
        null,
        null,
        1,
        0,
        0,
        0,
        0,
        0,
        null,
        null
      ]
    },
    "timestamp": 1350718165
  },
  "RSpec": {
    "coverage": {
      "/Users/michelle/Dropbox/CS169/thebottomline/app/controllers/application_controller.rb": [
        1,
        1,
        null
      ],
      "/Users/michelle/Dropbox/CS169/thebottomline/app/helpers/application_helper.rb": [
        1,
        null
      ],
      "/Users/michelle/Dropbox/CS169/thebottomline/app/helpers/welcome_helper.rb": [
        1,
        null
      ],
      "/Users/michelle/Dropbox/CS169/thebottomline/app/controllers/login_controller.rb": [
        1,
        null,
        1,
        1,
        null,
        null,
        1,
        5,
        5,
        3,
        3,
        null,
        2,
        2,
        2,
        null,
        null,
        null,
        1,
        3,
        3,
        3,
        null,
        null,
        null,
        null
      ],
      "/Users/michelle/Dropbox/CS169/thebottomline/app/controllers/register_controller.rb": [
        1,
        null,
        1,
        1,
        null,
        null,
        1,
        7,
        7,
        7,
        7,
        4,
        4,
        null,
        7,
        4,
        4,
        null,
        3,
        3,
        3,
        3,
        null,
        null,
        null,
        null
      ],
      "/Users/michelle/Dropbox/CS169/thebottomline/app/controllers/welcome_controller.rb": [
        1,
        null,
        1,
        null,
        null,
        null
      ],
      "/Users/michelle/Dropbox/CS169/thebottomline/app/mailers/user_mailer.rb": [
        1,
        1,
        null,
        1,
        0,
        0,
        0,
        null,
        null,
        1,
        0,
        0,
        0,
        0,
        null,
        null
      ],
      "/Users/michelle/Dropbox/CS169/thebottomline/app/models/user.rb": [
        1,
        null,
        1,
        null,
        1,
        1,
        1,
        null,
        1,
        null,
        1,
        1,
        null,
        null,
        1,
        2,
        2,
        1,
        null,
        null,
        null,
        null,
        null,
        1,
        2,
        2,
        null,
        null,
        1,
        1,
        11,
        1,
        1,
        1,
        null,
        null
      ]
    },
    "timestamp": 1350718157
  }
}
